<?xml version="1.0" encoding="UTF-8"?>
<robot generator="Robot 7.0.1 (Python 3.12.4 on win32)" generated="2024-06-27T11:47:23.490945" rpa="false" schemaversion="5">
<suite id="s1" name="Test" source="C:\Users\julia\Documents\goTest\robot-tests\test.robot">
<test id="s1-t1" name="Test case using blur parameter" line="10">
<kw name="Open Browser" owner="SeleniumLibrary">
<msg time="2024-06-27T11:47:23.733480" level="INFO">Opening browser 'chrome' to base url 'https://www.youtube.com/'.</msg>
<arg>url=https://www.youtube.com/</arg>
<arg>browser=chrome</arg>
<arg>options=add_argument("--window-size=1920,1080")</arg>
<doc>Opens a new browser instance to the optional ``url``.</doc>
<status status="PASS" start="2024-06-27T11:47:23.733480" elapsed="4.611436"/>
</kw>
<kw name="Open Eyes" owner="RobotEyes">
<msg time="2024-06-27T11:47:28.351174" level="INFO">roboteyestestfolder: Test_case_using_blur_parameter</msg>
<arg>lib=SeleniumLibrary</arg>
<arg>tolerance=10</arg>
<arg>cleanup=None</arg>
<status status="PASS" start="2024-06-27T11:47:28.345954" elapsed="0.005220"/>
</kw>
<kw name="Wait Until Element Is Visible" owner="SeleniumLibrary">
<arg>id=guide-inner-content</arg>
<doc>Waits until the element ``locator`` is visible.</doc>
<status status="PASS" start="2024-06-27T11:47:28.351174" elapsed="0.075472"/>
</kw>
<kw name="Capture Full Screen" owner="RobotEyes">
<msg time="2024-06-27T11:47:28.752678" level="INFO">Frames: 2
Switching to Frame &lt;selenium.webdriver.remote.webelement.WebElement (session="6d1e27a9a5d28652a0488261e9376795", element="f.ACB64ADDBD3BBFBFF427C2F5733AA51C.d.5675A30A3F505E375AB0ABEF7BFCF3C5.e.18")&gt;
Switching to Frame &lt;selenium.webdriver.remote.webelement.WebElement (session="6d1e27a9a5d28652a0488261e9376795", element="f.ACB64ADDBD3BBFBFF427C2F5733AA51C.d.5675A30A3F505E375AB0ABEF7BFCF3C5.e.19")&gt;
Switching back to initial frame and name is None</msg>
<arg>blur=${blur}</arg>
<arg>radius=50</arg>
<status status="PASS" start="2024-06-27T11:47:28.427815" elapsed="0.324863"/>
</kw>
<kw name="Compare Images" owner="RobotEyes">
<msg time="2024-06-27T11:47:29.060519" level="INFO">Comparison output: b'0 (0) @ 0,0'</msg>
<status status="PASS" start="2024-06-27T11:47:28.753685" elapsed="0.306834"/>
</kw>
<kw name="Close Browser" owner="SeleniumLibrary">
<doc>Closes the current browser.</doc>
<status status="PASS" start="2024-06-27T11:47:29.060519" elapsed="2.345493"/>
</kw>
<status status="PASS" start="2024-06-27T11:47:23.732599" elapsed="7.673413"/>
</test>
<test id="s1-t2" name="Test case using capture element keyword" line="18">
<kw name="Open Browser" owner="SeleniumLibrary">
<msg time="2024-06-27T11:47:31.407325" level="INFO">Opening browser 'chrome' to base url 'https://www.youtube.com/'.</msg>
<arg>url=https://www.youtube.com/</arg>
<arg>browser=chrome</arg>
<arg>options=add_argument("--window-size=1920,1080")</arg>
<doc>Opens a new browser instance to the optional ``url``.</doc>
<status status="PASS" start="2024-06-27T11:47:31.407325" elapsed="4.596527"/>
</kw>
<kw name="Open Eyes" owner="RobotEyes">
<msg time="2024-06-27T11:47:36.009493" level="INFO">roboteyestestfolder: Test_case_using_capture_element_keyword</msg>
<arg>lib=SeleniumLibrary</arg>
<arg>tolerance=15</arg>
<arg>cleanup=None</arg>
<status status="PASS" start="2024-06-27T11:47:36.003852" elapsed="0.005641"/>
</kw>
<kw name="Wait Until Element Is Visible" owner="SeleniumLibrary">
<arg>id=center</arg>
<doc>Waits until the element ``locator`` is visible.</doc>
<status status="PASS" start="2024-06-27T11:47:36.009493" elapsed="0.074822"/>
</kw>
<kw name="Click Element" owner="SeleniumLibrary">
<msg time="2024-06-27T11:47:36.085195" level="INFO">Clicking element 'id=center'.</msg>
<arg>id=center</arg>
<doc>Click the element identified by ``locator``.</doc>
<status status="PASS" start="2024-06-27T11:47:36.085195" elapsed="0.089517"/>
</kw>
<kw name="Capture Element" owner="RobotEyes">
<arg>id=center</arg>
<status status="PASS" start="2024-06-27T11:47:36.175783" elapsed="1.211516"/>
</kw>
<kw name="Compare Images" owner="RobotEyes">
<msg time="2024-06-27T11:47:37.481024" level="INFO">Comparison output: b'0 (0) @ 0,0'</msg>
<status status="PASS" start="2024-06-27T11:47:37.388324" elapsed="0.092700"/>
</kw>
<kw name="Close Browser" owner="SeleniumLibrary">
<doc>Closes the current browser.</doc>
<status status="PASS" start="2024-06-27T11:47:37.481024" elapsed="2.376548"/>
</kw>
<status status="PASS" start="2024-06-27T11:47:31.407325" elapsed="8.451406"/>
</test>
<test id="s1-t3" name="Test case using redact parameter" line="27">
<kw name="Open Browser" owner="SeleniumLibrary">
<msg time="2024-06-27T11:47:39.861858" level="INFO">Opening browser 'chrome' to base url 'https://www.youtube.com/'.</msg>
<arg>url=https://www.youtube.com/</arg>
<arg>browser=chrome</arg>
<arg>options=add_argument("--window-size=1920,1080")</arg>
<doc>Opens a new browser instance to the optional ``url``.</doc>
<status status="PASS" start="2024-06-27T11:47:39.861287" elapsed="4.558453"/>
</kw>
<kw name="Open Eyes" owner="RobotEyes">
<msg time="2024-06-27T11:47:44.423874" level="INFO">roboteyestestfolder: Test_case_using_redact_parameter</msg>
<arg>lib=SeleniumLibrary</arg>
<arg>tolerance=15</arg>
<arg>cleanup=None</arg>
<status status="PASS" start="2024-06-27T11:47:44.419740" elapsed="0.004134"/>
</kw>
<kw name="Wait Until Element Is Visible" owner="SeleniumLibrary">
<arg>id=center</arg>
<doc>Waits until the element ``locator`` is visible.</doc>
<status status="PASS" start="2024-06-27T11:47:44.423874" elapsed="0.248134"/>
</kw>
<kw name="Click Element" owner="SeleniumLibrary">
<msg time="2024-06-27T11:47:44.672008" level="INFO">Clicking element 'id=center'.</msg>
<arg>id=center</arg>
<doc>Click the element identified by ``locator``.</doc>
<status status="PASS" start="2024-06-27T11:47:44.672008" elapsed="0.093150"/>
</kw>
<kw name="Capture Full Screen" owner="RobotEyes">
<msg time="2024-06-27T11:47:45.110929" level="INFO">Frames: 3
Switching to Frame &lt;selenium.webdriver.remote.webelement.WebElement (session="d4529fc355460dbdeea8e33f97338881", element="f.2C28EEE4F219F647A24E06D9E3CFD805.d.CA099E58EB93FD762C3B1EDB3638CBF4.e.20")&gt;
Switching to Frame &lt;selenium.webdriver.remote.webelement.WebElement (session="d4529fc355460dbdeea8e33f97338881", element="f.2C28EEE4F219F647A24E06D9E3CFD805.d.CA099E58EB93FD762C3B1EDB3638CBF4.e.21")&gt;
Switching to Frame &lt;selenium.webdriver.remote.webelement.WebElement (session="d4529fc355460dbdeea8e33f97338881", element="f.2C28EEE4F219F647A24E06D9E3CFD805.d.CA099E58EB93FD762C3B1EDB3638CBF4.e.22")&gt;
Switching back to initial frame and name is None</msg>
<arg>redact=${redact}</arg>
<status status="PASS" start="2024-06-27T11:47:44.766172" elapsed="0.344757"/>
</kw>
<kw name="Compare Images" owner="RobotEyes">
<msg time="2024-06-27T11:47:45.414506" level="INFO">Comparison output: b'0 (0) @ 0,0'</msg>
<status status="PASS" start="2024-06-27T11:47:45.111435" elapsed="0.303071"/>
</kw>
<kw name="Close Browser" owner="SeleniumLibrary">
<doc>Closes the current browser.</doc>
<status status="PASS" start="2024-06-27T11:47:45.415012" elapsed="2.345135"/>
</kw>
<status status="PASS" start="2024-06-27T11:47:39.860275" elapsed="7.902405"/>
</test>
<status status="PASS" start="2024-06-27T11:47:23.490945" elapsed="24.271735"/>
</suite>
<statistics>
<total>
<stat pass="3" fail="0" skip="0">All Tests</stat>
</total>
<tag>
</tag>
<suite>
<stat pass="3" fail="0" skip="0" id="s1" name="Test">Test</stat>
</suite>
</statistics>
<errors>
</errors>
</robot>
